[18-Feb-2019 08:23:02] ERROR: No pool defined. at least one pool section must be specified in config file
[18-Feb-2019 08:23:02] ERROR: failed to post process the configuration
[18-Feb-2019 08:23:02] ERROR: FPM initialization failed
[18-Feb-2019 08:23:24] ERROR: No pool defined. at least one pool section must be specified in config file
[18-Feb-2019 08:23:24] ERROR: failed to post process the configuration
[18-Feb-2019 08:23:24] ERROR: FPM initialization failed
[18-Feb-2019 08:24:00] ERROR: No pool defined. at least one pool section must be specified in config file
[18-Feb-2019 08:24:00] ERROR: failed to post process the configuration
[18-Feb-2019 08:24:00] ERROR: FPM initialization failed
[18-Feb-2019 08:25:11] ERROR: No pool defined. at least one pool section must be specified in config file
[18-Feb-2019 08:25:11] ERROR: failed to post process the configuration
[18-Feb-2019 08:25:11] ERROR: FPM initialization failed
[18-Feb-2019 08:25:57] ERROR: No pool defined. at least one pool section must be specified in config file
[18-Feb-2019 08:25:57] ERROR: failed to post process the configuration
[18-Feb-2019 08:25:57] ERROR: FPM initialization failed
[18-Feb-2019 08:27:56] ERROR: No pool defined. at least one pool section must be specified in config file
[18-Feb-2019 08:27:56] ERROR: failed to post process the configuration
[18-Feb-2019 08:27:56] ERROR: FPM initialization failed
[18-Feb-2019 08:29:42] ERROR: No pool defined. at least one pool section must be specified in config file
[18-Feb-2019 08:29:42] ERROR: failed to post process the configuration
[18-Feb-2019 08:29:42] ERROR: FPM initialization failed
[18-Feb-2019 08:29:51] ERROR: No pool defined. at least one pool section must be specified in config file
[18-Feb-2019 08:29:51] ERROR: failed to post process the configuration
[18-Feb-2019 08:29:51] ERROR: FPM initialization failed
[18-Feb-2019 08:30:04] ERROR: No pool defined. at least one pool section must be specified in config file
[18-Feb-2019 08:30:04] ERROR: failed to post process the configuration
[18-Feb-2019 08:30:04] ERROR: FPM initialization failed
[18-Feb-2019 08:30:32] ERROR: No pool defined. at least one pool section must be specified in config file
[18-Feb-2019 08:30:32] ERROR: failed to post process the configuration
[18-Feb-2019 08:30:32] ERROR: FPM initialization failed
[18-Feb-2019 08:31:30] NOTICE: [pool www] 'user' directive is ignored when FPM is not running as root
[18-Feb-2019 08:31:30] NOTICE: [pool www] 'group' directive is ignored when FPM is not running as root
[18-Feb-2019 08:31:30] NOTICE: fpm is running, pid 80071
[18-Feb-2019 08:31:30] NOTICE: ready to handle connections
[18-Feb-2019 08:31:38] NOTICE: [pool www] 'user' directive is ignored when FPM is not running as root
[18-Feb-2019 08:31:38] NOTICE: [pool www] 'group' directive is ignored when FPM is not running as root
[18-Feb-2019 08:31:38] ERROR: unable to bind listening socket for address '127.0.0.1:9000': Address already in use (48)
[18-Feb-2019 08:31:38] ERROR: FPM initialization failed
[18-Feb-2019 08:33:25] ERROR: unable to bind listening socket for address '127.0.0.1:9000': Address already in use (48)
[18-Feb-2019 08:33:25] ERROR: FPM initialization failed
[18-Feb-2019 08:34:37] NOTICE: fpm is running, pid 81376
[18-Feb-2019 08:34:37] NOTICE: ready to handle connections
